{"D:\\sweet-shop\\backend\\controllers\\authController.js": {"path":"D:\\sweet-shop\\backend\\controllers\\authController.js","statementMap":{"0":{"start":{"line":1,"column":13},"end":{"line":1,"column":38}},"1":{"start":{"line":2,"column":12},"end":{"line":2,"column":35}},"2":{"start":{"line":4,"column":22},"end":{"line":10,"column":1}},"3":{"start":{"line":5,"column":2},"end":{"line":9,"column":4}},"4":{"start":{"line":13,"column":0},"end":{"line":46,"column":2}},"5":{"start":{"line":14,"column":42},"end":{"line":14,"column":50}},"6":{"start":{"line":16,"column":2},"end":{"line":18,"column":3}},"7":{"start":{"line":17,"column":4},"end":{"line":17,"column":74}},"8":{"start":{"line":20,"column":2},"end":{"line":45,"column":3}},"9":{"start":{"line":22,"column":23},"end":{"line":22,"column":52}},"10":{"start":{"line":23,"column":4},"end":{"line":25,"column":5}},"11":{"start":{"line":24,"column":6},"end":{"line":24,"column":70}},"12":{"start":{"line":28,"column":17},"end":{"line":33,"column":6}},"13":{"start":{"line":35,"column":4},"end":{"line":41,"column":7}},"14":{"start":{"line":43,"column":4},"end":{"line":43,"column":23}},"15":{"start":{"line":44,"column":4},"end":{"line":44,"column":55}},"16":{"start":{"line":49,"column":0},"end":{"line":74,"column":2}},"17":{"start":{"line":50,"column":30},"end":{"line":50,"column":38}},"18":{"start":{"line":52,"column":2},"end":{"line":54,"column":3}},"19":{"start":{"line":53,"column":4},"end":{"line":53,"column":74}},"20":{"start":{"line":56,"column":2},"end":{"line":73,"column":3}},"21":{"start":{"line":57,"column":17},"end":{"line":57,"column":46}},"22":{"start":{"line":59,"column":4},"end":{"line":61,"column":5}},"23":{"start":{"line":60,"column":6},"end":{"line":60,"column":70}},"24":{"start":{"line":63,"column":4},"end":{"line":69,"column":7}},"25":{"start":{"line":71,"column":4},"end":{"line":71,"column":23}},"26":{"start":{"line":72,"column":4},"end":{"line":72,"column":54}}},"fnMap":{"0":{"name":"(anonymous_0)","decl":{"start":{"line":4,"column":22},"end":{"line":4,"column":23}},"loc":{"start":{"line":4,"column":30},"end":{"line":10,"column":1}},"line":4},"1":{"name":"(anonymous_1)","decl":{"start":{"line":13,"column":17},"end":{"line":13,"column":18}},"loc":{"start":{"line":13,"column":37},"end":{"line":46,"column":1}},"line":13},"2":{"name":"(anonymous_2)","decl":{"start":{"line":49,"column":16},"end":{"line":49,"column":17}},"loc":{"start":{"line":49,"column":36},"end":{"line":74,"column":1}},"line":49}},"branchMap":{"0":{"loc":{"start":{"line":16,"column":2},"end":{"line":18,"column":3}},"type":"if","locations":[{"start":{"line":16,"column":2},"end":{"line":18,"column":3}},{"start":{},"end":{}}],"line":16},"1":{"loc":{"start":{"line":16,"column":6},"end":{"line":16,"column":34}},"type":"binary-expr","locations":[{"start":{"line":16,"column":6},"end":{"line":16,"column":11}},{"start":{"line":16,"column":15},"end":{"line":16,"column":21}},{"start":{"line":16,"column":25},"end":{"line":16,"column":34}}],"line":16},"2":{"loc":{"start":{"line":23,"column":4},"end":{"line":25,"column":5}},"type":"if","locations":[{"start":{"line":23,"column":4},"end":{"line":25,"column":5}},{"start":{},"end":{}}],"line":23},"3":{"loc":{"start":{"line":32,"column":12},"end":{"line":32,"column":47}},"type":"cond-expr","locations":[{"start":{"line":32,"column":31},"end":{"line":32,"column":38}},{"start":{"line":32,"column":41},"end":{"line":32,"column":47}}],"line":32},"4":{"loc":{"start":{"line":52,"column":2},"end":{"line":54,"column":3}},"type":"if","locations":[{"start":{"line":52,"column":2},"end":{"line":54,"column":3}},{"start":{},"end":{}}],"line":52},"5":{"loc":{"start":{"line":52,"column":6},"end":{"line":52,"column":25}},"type":"binary-expr","locations":[{"start":{"line":52,"column":6},"end":{"line":52,"column":12}},{"start":{"line":52,"column":16},"end":{"line":52,"column":25}}],"line":52},"6":{"loc":{"start":{"line":59,"column":4},"end":{"line":61,"column":5}},"type":"if","locations":[{"start":{"line":59,"column":4},"end":{"line":61,"column":5}},{"start":{},"end":{}}],"line":59},"7":{"loc":{"start":{"line":59,"column":8},"end":{"line":59,"column":54}},"type":"binary-expr","locations":[{"start":{"line":59,"column":8},"end":{"line":59,"column":13}},{"start":{"line":59,"column":17},"end":{"line":59,"column":54}}],"line":59}},"s":{"0":6,"1":6,"2":6,"3":53,"4":6,"5":55,"6":55,"7":1,"8":54,"9":54,"10":53,"11":1,"12":52,"13":52,"14":1,"15":1,"16":6,"17":4,"18":4,"19":1,"20":3,"21":3,"22":2,"23":1,"24":1,"25":1,"26":1},"f":{"0":53,"1":55,"2":4},"b":{"0":[1,54],"1":[55,54,54],"2":[1,52],"3":[29,23],"4":[1,3],"5":[4,3],"6":[1,1],"7":[2,2]},"_coverageSchema":"1a1c01bbd47fc00a2c39e90264f33305004495a9","hash":"bed54ccef203f7a336458eca88e3b09c215cf234"}
,"D:\\sweet-shop\\backend\\controllers\\sweetController.js": {"path":"D:\\sweet-shop\\backend\\controllers\\sweetController.js","statementMap":{"0":{"start":{"line":1,"column":14},"end":{"line":1,"column":40}},"1":{"start":{"line":3,"column":0},"end":{"line":14,"column":2}},"2":{"start":{"line":4,"column":2},"end":{"line":13,"column":3}},"3":{"start":{"line":5,"column":48},"end":{"line":5,"column":56}},"4":{"start":{"line":6,"column":4},"end":{"line":6,"column":124}},"5":{"start":{"line":6,"column":65},"end":{"line":6,"column":124}},"6":{"start":{"line":8,"column":18},"end":{"line":8,"column":98}},"7":{"start":{"line":9,"column":4},"end":{"line":9,"column":39}},"8":{"start":{"line":11,"column":4},"end":{"line":11,"column":60}},"9":{"start":{"line":11,"column":41},"end":{"line":11,"column":60}},"10":{"start":{"line":12,"column":4},"end":{"line":12,"column":65}},"11":{"start":{"line":16,"column":0},"end":{"line":29,"column":2}},"12":{"start":{"line":17,"column":2},"end":{"line":28,"column":3}},"13":{"start":{"line":18,"column":18},"end":{"line":18,"column":53}},"14":{"start":{"line":19,"column":4},"end":{"line":19,"column":76}},"15":{"start":{"line":19,"column":16},"end":{"line":19,"column":76}},"16":{"start":{"line":20,"column":4},"end":{"line":20,"column":103}},"17":{"start":{"line":20,"column":47},"end":{"line":20,"column":103}},"18":{"start":{"line":22,"column":4},"end":{"line":22,"column":35}},"19":{"start":{"line":23,"column":4},"end":{"line":23,"column":23}},"20":{"start":{"line":24,"column":4},"end":{"line":24,"column":27}},"21":{"start":{"line":26,"column":4},"end":{"line":26,"column":60}},"22":{"start":{"line":26,"column":41},"end":{"line":26,"column":60}},"23":{"start":{"line":27,"column":4},"end":{"line":27,"column":62}},"24":{"start":{"line":31,"column":0},"end":{"line":43,"column":2}},"25":{"start":{"line":32,"column":2},"end":{"line":42,"column":3}},"26":{"start":{"line":33,"column":18},"end":{"line":33,"column":53}},"27":{"start":{"line":34,"column":4},"end":{"line":34,"column":76}},"28":{"start":{"line":34,"column":16},"end":{"line":34,"column":76}},"29":{"start":{"line":35,"column":4},"end":{"line":35,"column":103}},"30":{"start":{"line":35,"column":47},"end":{"line":35,"column":103}},"31":{"start":{"line":37,"column":4},"end":{"line":37,"column":28}},"32":{"start":{"line":38,"column":4},"end":{"line":38,"column":50}},"33":{"start":{"line":40,"column":4},"end":{"line":40,"column":60}},"34":{"start":{"line":40,"column":41},"end":{"line":40,"column":60}},"35":{"start":{"line":41,"column":4},"end":{"line":41,"column":62}},"36":{"start":{"line":45,"column":0},"end":{"line":62,"column":2}},"37":{"start":{"line":46,"column":2},"end":{"line":61,"column":3}},"38":{"start":{"line":47,"column":23},"end":{"line":47,"column":31}},"39":{"start":{"line":48,"column":4},"end":{"line":48,"column":32}},"40":{"start":{"line":50,"column":4},"end":{"line":50,"column":105}},"41":{"start":{"line":50,"column":36},"end":{"line":50,"column":105}},"42":{"start":{"line":52,"column":18},"end":{"line":52,"column":53}},"43":{"start":{"line":53,"column":4},"end":{"line":53,"column":76}},"44":{"start":{"line":53,"column":16},"end":{"line":53,"column":76}},"45":{"start":{"line":55,"column":4},"end":{"line":55,"column":31}},"46":{"start":{"line":56,"column":4},"end":{"line":56,"column":23}},"47":{"start":{"line":57,"column":4},"end":{"line":57,"column":31}},"48":{"start":{"line":59,"column":4},"end":{"line":59,"column":60}},"49":{"start":{"line":59,"column":41},"end":{"line":59,"column":60}},"50":{"start":{"line":60,"column":4},"end":{"line":60,"column":63}},"51":{"start":{"line":64,"column":0},"end":{"line":72,"column":2}},"52":{"start":{"line":65,"column":2},"end":{"line":71,"column":3}},"53":{"start":{"line":66,"column":19},"end":{"line":66,"column":37}},"54":{"start":{"line":67,"column":4},"end":{"line":67,"column":28}},"55":{"start":{"line":69,"column":4},"end":{"line":69,"column":60}},"56":{"start":{"line":69,"column":41},"end":{"line":69,"column":60}},"57":{"start":{"line":70,"column":4},"end":{"line":70,"column":61}},"58":{"start":{"line":74,"column":0},"end":{"line":91,"column":2}},"59":{"start":{"line":75,"column":2},"end":{"line":90,"column":3}},"60":{"start":{"line":76,"column":51},"end":{"line":76,"column":60}},"61":{"start":{"line":77,"column":18},"end":{"line":77,"column":20}},"62":{"start":{"line":78,"column":4},"end":{"line":78,"column":59}},"63":{"start":{"line":78,"column":14},"end":{"line":78,"column":59}},"64":{"start":{"line":79,"column":4},"end":{"line":79,"column":44}},"65":{"start":{"line":79,"column":18},"end":{"line":79,"column":44}},"66":{"start":{"line":80,"column":4},"end":{"line":84,"column":5}},"67":{"start":{"line":81,"column":6},"end":{"line":81,"column":23}},"68":{"start":{"line":82,"column":6},"end":{"line":82,"column":56}},"69":{"start":{"line":82,"column":20},"end":{"line":82,"column":56}},"70":{"start":{"line":83,"column":6},"end":{"line":83,"column":56}},"71":{"start":{"line":83,"column":20},"end":{"line":83,"column":56}},"72":{"start":{"line":85,"column":19},"end":{"line":85,"column":42}},"73":{"start":{"line":86,"column":4},"end":{"line":86,"column":28}},"74":{"start":{"line":88,"column":4},"end":{"line":88,"column":60}},"75":{"start":{"line":88,"column":41},"end":{"line":88,"column":60}},"76":{"start":{"line":89,"column":4},"end":{"line":89,"column":62}},"77":{"start":{"line":93,"column":0},"end":{"line":106,"column":2}},"78":{"start":{"line":94,"column":2},"end":{"line":105,"column":3}},"79":{"start":{"line":95,"column":18},"end":{"line":95,"column":53}},"80":{"start":{"line":96,"column":4},"end":{"line":96,"column":76}},"81":{"start":{"line":96,"column":16},"end":{"line":96,"column":76}},"82":{"start":{"line":97,"column":4},"end":{"line":97,"column":85}},"83":{"start":{"line":97,"column":28},"end":{"line":97,"column":85}},"84":{"start":{"line":99,"column":4},"end":{"line":99,"column":24}},"85":{"start":{"line":100,"column":4},"end":{"line":100,"column":23}},"86":{"start":{"line":101,"column":4},"end":{"line":101,"column":31}},"87":{"start":{"line":103,"column":4},"end":{"line":103,"column":60}},"88":{"start":{"line":103,"column":41},"end":{"line":103,"column":60}},"89":{"start":{"line":104,"column":4},"end":{"line":104,"column":64}}},"fnMap":{"0":{"name":"(anonymous_0)","decl":{"start":{"line":3,"column":19},"end":{"line":3,"column":20}},"loc":{"start":{"line":3,"column":39},"end":{"line":14,"column":1}},"line":3},"1":{"name":"(anonymous_1)","decl":{"start":{"line":16,"column":22},"end":{"line":16,"column":23}},"loc":{"start":{"line":16,"column":42},"end":{"line":29,"column":1}},"line":16},"2":{"name":"(anonymous_2)","decl":{"start":{"line":31,"column":22},"end":{"line":31,"column":23}},"loc":{"start":{"line":31,"column":42},"end":{"line":43,"column":1}},"line":31},"3":{"name":"(anonymous_3)","decl":{"start":{"line":45,"column":23},"end":{"line":45,"column":24}},"loc":{"start":{"line":45,"column":43},"end":{"line":62,"column":1}},"line":45},"4":{"name":"(anonymous_4)","decl":{"start":{"line":64,"column":20},"end":{"line":64,"column":21}},"loc":{"start":{"line":64,"column":41},"end":{"line":72,"column":1}},"line":64},"5":{"name":"(anonymous_5)","decl":{"start":{"line":74,"column":23},"end":{"line":74,"column":24}},"loc":{"start":{"line":74,"column":43},"end":{"line":91,"column":1}},"line":74},"6":{"name":"(anonymous_6)","decl":{"start":{"line":93,"column":24},"end":{"line":93,"column":25}},"loc":{"start":{"line":93,"column":44},"end":{"line":106,"column":1}},"line":93}},"branchMap":{"0":{"loc":{"start":{"line":6,"column":4},"end":{"line":6,"column":124}},"type":"if","locations":[{"start":{"line":6,"column":4},"end":{"line":6,"column":124}},{"start":{},"end":{}}],"line":6},"1":{"loc":{"start":{"line":6,"column":8},"end":{"line":6,"column":63}},"type":"binary-expr","locations":[{"start":{"line":6,"column":8},"end":{"line":6,"column":13}},{"start":{"line":6,"column":17},"end":{"line":6,"column":26}},{"start":{"line":6,"column":30},"end":{"line":6,"column":43}},{"start":{"line":6,"column":47},"end":{"line":6,"column":63}}],"line":6},"2":{"loc":{"start":{"line":11,"column":4},"end":{"line":11,"column":60}},"type":"if","locations":[{"start":{"line":11,"column":4},"end":{"line":11,"column":60}},{"start":{},"end":{}}],"line":11},"3":{"loc":{"start":{"line":19,"column":4},"end":{"line":19,"column":76}},"type":"if","locations":[{"start":{"line":19,"column":4},"end":{"line":19,"column":76}},{"start":{},"end":{}}],"line":19},"4":{"loc":{"start":{"line":20,"column":4},"end":{"line":20,"column":103}},"type":"if","locations":[{"start":{"line":20,"column":4},"end":{"line":20,"column":103}},{"start":{},"end":{}}],"line":20},"5":{"loc":{"start":{"line":26,"column":4},"end":{"line":26,"column":60}},"type":"if","locations":[{"start":{"line":26,"column":4},"end":{"line":26,"column":60}},{"start":{},"end":{}}],"line":26},"6":{"loc":{"start":{"line":34,"column":4},"end":{"line":34,"column":76}},"type":"if","locations":[{"start":{"line":34,"column":4},"end":{"line":34,"column":76}},{"start":{},"end":{}}],"line":34},"7":{"loc":{"start":{"line":35,"column":4},"end":{"line":35,"column":103}},"type":"if","locations":[{"start":{"line":35,"column":4},"end":{"line":35,"column":103}},{"start":{},"end":{}}],"line":35},"8":{"loc":{"start":{"line":40,"column":4},"end":{"line":40,"column":60}},"type":"if","locations":[{"start":{"line":40,"column":4},"end":{"line":40,"column":60}},{"start":{},"end":{}}],"line":40},"9":{"loc":{"start":{"line":50,"column":4},"end":{"line":50,"column":105}},"type":"if","locations":[{"start":{"line":50,"column":4},"end":{"line":50,"column":105}},{"start":{},"end":{}}],"line":50},"10":{"loc":{"start":{"line":50,"column":8},"end":{"line":50,"column":34}},"type":"binary-expr","locations":[{"start":{"line":50,"column":8},"end":{"line":50,"column":17}},{"start":{"line":50,"column":21},"end":{"line":50,"column":34}}],"line":50},"11":{"loc":{"start":{"line":53,"column":4},"end":{"line":53,"column":76}},"type":"if","locations":[{"start":{"line":53,"column":4},"end":{"line":53,"column":76}},{"start":{},"end":{}}],"line":53},"12":{"loc":{"start":{"line":59,"column":4},"end":{"line":59,"column":60}},"type":"if","locations":[{"start":{"line":59,"column":4},"end":{"line":59,"column":60}},{"start":{},"end":{}}],"line":59},"13":{"loc":{"start":{"line":69,"column":4},"end":{"line":69,"column":60}},"type":"if","locations":[{"start":{"line":69,"column":4},"end":{"line":69,"column":60}},{"start":{},"end":{}}],"line":69},"14":{"loc":{"start":{"line":78,"column":4},"end":{"line":78,"column":59}},"type":"if","locations":[{"start":{"line":78,"column":4},"end":{"line":78,"column":59}},{"start":{},"end":{}}],"line":78},"15":{"loc":{"start":{"line":79,"column":4},"end":{"line":79,"column":44}},"type":"if","locations":[{"start":{"line":79,"column":4},"end":{"line":79,"column":44}},{"start":{},"end":{}}],"line":79},"16":{"loc":{"start":{"line":80,"column":4},"end":{"line":84,"column":5}},"type":"if","locations":[{"start":{"line":80,"column":4},"end":{"line":84,"column":5}},{"start":{},"end":{}}],"line":80},"17":{"loc":{"start":{"line":80,"column":8},"end":{"line":80,"column":28}},"type":"binary-expr","locations":[{"start":{"line":80,"column":8},"end":{"line":80,"column":16}},{"start":{"line":80,"column":20},"end":{"line":80,"column":28}}],"line":80},"18":{"loc":{"start":{"line":82,"column":6},"end":{"line":82,"column":56}},"type":"if","locations":[{"start":{"line":82,"column":6},"end":{"line":82,"column":56}},{"start":{},"end":{}}],"line":82},"19":{"loc":{"start":{"line":83,"column":6},"end":{"line":83,"column":56}},"type":"if","locations":[{"start":{"line":83,"column":6},"end":{"line":83,"column":56}},{"start":{},"end":{}}],"line":83},"20":{"loc":{"start":{"line":88,"column":4},"end":{"line":88,"column":60}},"type":"if","locations":[{"start":{"line":88,"column":4},"end":{"line":88,"column":60}},{"start":{},"end":{}}],"line":88},"21":{"loc":{"start":{"line":96,"column":4},"end":{"line":96,"column":76}},"type":"if","locations":[{"start":{"line":96,"column":4},"end":{"line":96,"column":76}},{"start":{},"end":{}}],"line":96},"22":{"loc":{"start":{"line":97,"column":4},"end":{"line":97,"column":85}},"type":"if","locations":[{"start":{"line":97,"column":4},"end":{"line":97,"column":85}},{"start":{},"end":{}}],"line":97},"23":{"loc":{"start":{"line":103,"column":4},"end":{"line":103,"column":60}},"type":"if","locations":[{"start":{"line":103,"column":4},"end":{"line":103,"column":60}},{"start":{},"end":{}}],"line":103}},"s":{"0":6,"1":6,"2":13,"3":13,"4":13,"5":1,"6":12,"7":12,"8":0,"9":0,"10":0,"11":6,"12":5,"13":5,"14":5,"15":2,"16":3,"17":2,"18":1,"19":1,"20":1,"21":0,"22":0,"23":0,"24":6,"25":5,"26":5,"27":5,"28":2,"29":3,"30":2,"31":1,"32":1,"33":0,"34":0,"35":0,"36":6,"37":5,"38":5,"39":5,"40":5,"41":3,"42":2,"43":2,"44":1,"45":1,"46":1,"47":1,"48":0,"49":0,"50":0,"51":6,"52":1,"53":1,"54":0,"55":1,"56":0,"57":1,"58":6,"59":3,"60":3,"61":3,"62":3,"63":1,"64":3,"65":0,"66":3,"67":2,"68":2,"69":1,"70":2,"71":1,"72":3,"73":3,"74":0,"75":0,"76":0,"77":6,"78":5,"79":5,"80":4,"81":2,"82":2,"83":1,"84":1,"85":1,"86":1,"87":1,"88":0,"89":1},"f":{"0":13,"1":5,"2":5,"3":5,"4":1,"5":3,"6":5},"b":{"0":[1,12],"1":[13,12,12,12],"2":[0,0],"3":[2,3],"4":[2,1],"5":[0,0],"6":[2,3],"7":[2,1],"8":[0,0],"9":[3,2],"10":[5,4],"11":[1,1],"12":[0,0],"13":[0,1],"14":[1,2],"15":[0,3],"16":[2,1],"17":[3,2],"18":[1,1],"19":[1,1],"20":[0,0],"21":[2,2],"22":[1,1],"23":[0,1]},"_coverageSchema":"1a1c01bbd47fc00a2c39e90264f33305004495a9","hash":"1e2c4253a3efeb7a0f4c41378f2e4cd5d50d63ad"}
,"D:\\sweet-shop\\backend\\middleware\\authMiddleware.js": {"path":"D:\\sweet-shop\\backend\\middleware\\authMiddleware.js","statementMap":{"0":{"start":{"line":1,"column":12},"end":{"line":1,"column":35}},"1":{"start":{"line":2,"column":13},"end":{"line":2,"column":38}},"2":{"start":{"line":5,"column":0},"end":{"line":32,"column":2}},"3":{"start":{"line":8,"column":2},"end":{"line":13,"column":3}},"4":{"start":{"line":12,"column":4},"end":{"line":12,"column":52}},"5":{"start":{"line":15,"column":2},"end":{"line":17,"column":3}},"6":{"start":{"line":16,"column":4},"end":{"line":16,"column":73}},"7":{"start":{"line":19,"column":2},"end":{"line":31,"column":3}},"8":{"start":{"line":20,"column":20},"end":{"line":20,"column":61}},"9":{"start":{"line":21,"column":4},"end":{"line":21,"column":67}},"10":{"start":{"line":23,"column":4},"end":{"line":25,"column":5}},"11":{"start":{"line":24,"column":6},"end":{"line":24,"column":65}},"12":{"start":{"line":27,"column":4},"end":{"line":27,"column":11}},"13":{"start":{"line":29,"column":4},"end":{"line":29,"column":23}},"14":{"start":{"line":30,"column":4},"end":{"line":30,"column":70}},"15":{"start":{"line":35,"column":0},"end":{"line":41,"column":2}},"16":{"start":{"line":36,"column":2},"end":{"line":40,"column":3}},"17":{"start":{"line":37,"column":4},"end":{"line":37,"column":11}},"18":{"start":{"line":39,"column":4},"end":{"line":39,"column":59}}},"fnMap":{"0":{"name":"(anonymous_0)","decl":{"start":{"line":5,"column":18},"end":{"line":5,"column":19}},"loc":{"start":{"line":5,"column":44},"end":{"line":32,"column":1}},"line":5},"1":{"name":"(anonymous_1)","decl":{"start":{"line":35,"column":16},"end":{"line":35,"column":17}},"loc":{"start":{"line":35,"column":36},"end":{"line":41,"column":1}},"line":35}},"branchMap":{"0":{"loc":{"start":{"line":8,"column":2},"end":{"line":13,"column":3}},"type":"if","locations":[{"start":{"line":8,"column":2},"end":{"line":13,"column":3}},{"start":{},"end":{}}],"line":8},"1":{"loc":{"start":{"line":9,"column":4},"end":{"line":10,"column":50}},"type":"binary-expr","locations":[{"start":{"line":9,"column":4},"end":{"line":9,"column":29}},{"start":{"line":10,"column":4},"end":{"line":10,"column":50}}],"line":9},"2":{"loc":{"start":{"line":15,"column":2},"end":{"line":17,"column":3}},"type":"if","locations":[{"start":{"line":15,"column":2},"end":{"line":17,"column":3}},{"start":{},"end":{}}],"line":15},"3":{"loc":{"start":{"line":23,"column":4},"end":{"line":25,"column":5}},"type":"if","locations":[{"start":{"line":23,"column":4},"end":{"line":25,"column":5}},{"start":{},"end":{}}],"line":23},"4":{"loc":{"start":{"line":36,"column":2},"end":{"line":40,"column":3}},"type":"if","locations":[{"start":{"line":36,"column":2},"end":{"line":40,"column":3}},{"start":{"line":38,"column":9},"end":{"line":40,"column":3}}],"line":36},"5":{"loc":{"start":{"line":36,"column":6},"end":{"line":36,"column":43}},"type":"binary-expr","locations":[{"start":{"line":36,"column":6},"end":{"line":36,"column":14}},{"start":{"line":36,"column":18},"end":{"line":36,"column":43}}],"line":36}},"s":{"0":6,"1":6,"2":6,"3":42,"4":41,"5":42,"6":1,"7":41,"8":41,"9":40,"10":40,"11":1,"12":39,"13":1,"14":1,"15":6,"16":15,"17":13,"18":2},"f":{"0":42,"1":15},"b":{"0":[41,1],"1":[42,41],"2":[1,41],"3":[1,39],"4":[13,2],"5":[15,15]},"_coverageSchema":"1a1c01bbd47fc00a2c39e90264f33305004495a9","hash":"705a7903fae26e8ce5f8e0908a563249b72f480b"}
,"D:\\sweet-shop\\backend\\models\\Sweet.js": {"path":"D:\\sweet-shop\\backend\\models\\Sweet.js","statementMap":{"0":{"start":{"line":1,"column":17},"end":{"line":1,"column":36}},"1":{"start":{"line":3,"column":20},"end":{"line":9,"column":24}},"2":{"start":{"line":11,"column":0},"end":{"line":11,"column":54}}},"fnMap":{},"branchMap":{},"s":{"0":6,"1":6,"2":6},"f":{},"b":{},"_coverageSchema":"1a1c01bbd47fc00a2c39e90264f33305004495a9","hash":"b088bc5d31496ec8bcf79c05595f447f9386dd00"}
,"D:\\sweet-shop\\backend\\models\\User.js": {"path":"D:\\sweet-shop\\backend\\models\\User.js","statementMap":{"0":{"start":{"line":1,"column":17},"end":{"line":1,"column":36}},"1":{"start":{"line":2,"column":15},"end":{"line":2,"column":34}},"2":{"start":{"line":4,"column":19},"end":{"line":16,"column":1}},"3":{"start":{"line":19,"column":0},"end":{"line":22,"column":3}},"4":{"start":{"line":20,"column":2},"end":{"line":20,"column":43}},"5":{"start":{"line":20,"column":36},"end":{"line":20,"column":43}},"6":{"start":{"line":21,"column":2},"end":{"line":21,"column":55}},"7":{"start":{"line":25,"column":0},"end":{"line":27,"column":2}},"8":{"start":{"line":26,"column":2},"end":{"line":26,"column":56}},"9":{"start":{"line":29,"column":0},"end":{"line":29,"column":52}}},"fnMap":{"0":{"name":"(anonymous_0)","decl":{"start":{"line":19,"column":23},"end":{"line":19,"column":24}},"loc":{"start":{"line":19,"column":45},"end":{"line":22,"column":1}},"line":19},"1":{"name":"(anonymous_1)","decl":{"start":{"line":25,"column":35},"end":{"line":25,"column":36}},"loc":{"start":{"line":25,"column":68},"end":{"line":27,"column":1}},"line":25}},"branchMap":{"0":{"loc":{"start":{"line":20,"column":2},"end":{"line":20,"column":43}},"type":"if","locations":[{"start":{"line":20,"column":2},"end":{"line":20,"column":43}},{"start":{},"end":{}}],"line":20}},"s":{"0":7,"1":7,"2":7,"3":7,"4":55,"5":1,"6":54,"7":7,"8":2,"9":7},"f":{"0":55,"1":2},"b":{"0":[1,54]},"_coverageSchema":"1a1c01bbd47fc00a2c39e90264f33305004495a9","hash":"3ffe6c70fd292045d3aab23d901be713096e3664"}
,"D:\\sweet-shop\\backend\\routes\\authRoutes.js": {"path":"D:\\sweet-shop\\backend\\routes\\authRoutes.js","statementMap":{"0":{"start":{"line":1,"column":16},"end":{"line":1,"column":34}},"1":{"start":{"line":2,"column":26},"end":{"line":2,"column":66}},"2":{"start":{"line":4,"column":15},"end":{"line":4,"column":31}},"3":{"start":{"line":6,"column":0},"end":{"line":6,"column":31}},"4":{"start":{"line":7,"column":0},"end":{"line":7,"column":29}},"5":{"start":{"line":9,"column":0},"end":{"line":9,"column":24}}},"fnMap":{},"branchMap":{},"s":{"0":6,"1":6,"2":6,"3":6,"4":6,"5":6},"f":{},"b":{},"_coverageSchema":"1a1c01bbd47fc00a2c39e90264f33305004495a9","hash":"924f90eaebee0373b569a0c164cbe9a05dcec52e"}
,"D:\\sweet-shop\\backend\\routes\\sweetRoutes.js": {"path":"D:\\sweet-shop\\backend\\routes\\sweetRoutes.js","statementMap":{"0":{"start":{"line":1,"column":16},"end":{"line":1,"column":34}},"1":{"start":{"line":2,"column":15},"end":{"line":2,"column":31}},"2":{"start":{"line":6,"column":4},"end":{"line":6,"column":45}},"3":{"start":{"line":7,"column":27},"end":{"line":7,"column":66}},"4":{"start":{"line":9,"column":0},"end":{"line":9,"column":73}},"5":{"start":{"line":10,"column":0},"end":{"line":10,"column":51}},"6":{"start":{"line":11,"column":0},"end":{"line":11,"column":76}},"7":{"start":{"line":12,"column":0},"end":{"line":12,"column":56}},"8":{"start":{"line":13,"column":0},"end":{"line":13,"column":58}},"9":{"start":{"line":15,"column":0},"end":{"line":15,"column":24}}},"fnMap":{},"branchMap":{},"s":{"0":6,"1":6,"2":6,"3":6,"4":6,"5":6,"6":6,"7":6,"8":6,"9":6},"f":{},"b":{},"_coverageSchema":"1a1c01bbd47fc00a2c39e90264f33305004495a9","hash":"cc42c333826d10dc6f6a75876d4ae22108098e40"}
}
