TN:
SF:controllers\authController.js
FN:4,(anonymous_0)
FN:9,(anonymous_1)
FN:43,(anonymous_2)
FNF:3
FNH:3
FNDA:53,(anonymous_0)
FNDA:56,(anonymous_1)
FNDA:4,(anonymous_2)
DA:1,6
DA:2,6
DA:4,6
DA:5,53
DA:6,53
DA:9,6
DA:10,56
DA:12,56
DA:13,1
DA:16,55
DA:17,55
DA:18,30
DA:19,30
DA:20,1
DA:24,54
DA:25,53
DA:26,1
DA:29,52
DA:31,52
DA:39,1
DA:43,6
DA:44,4
DA:46,4
DA:47,1
DA:50,3
DA:51,3
DA:52,2
DA:53,1
DA:56,1
DA:64,1
LF:30
LH:30
BRDA:5,0,0,53
BRDA:5,0,1,0
BRDA:12,1,0,1
BRDA:12,1,1,55
BRDA:12,2,0,56
BRDA:12,2,1,55
BRDA:12,2,2,55
BRDA:17,3,0,30
BRDA:17,3,1,25
BRDA:19,4,0,1
BRDA:19,4,1,29
BRDA:25,5,0,1
BRDA:25,5,1,52
BRDA:46,6,0,1
BRDA:46,6,1,3
BRDA:46,7,0,4
BRDA:46,7,1,3
BRDA:52,8,0,1
BRDA:52,8,1,1
BRDA:52,9,0,2
BRDA:52,9,1,2
BRF:21
BRH:20
end_of_record
TN:
SF:controllers\sweetController.js
FN:3,(anonymous_0)
FN:16,(anonymous_1)
FN:31,(anonymous_2)
FN:45,(anonymous_3)
FN:64,(anonymous_4)
FN:74,(anonymous_5)
FN:93,(anonymous_6)
FNF:7
FNH:7
FNDA:13,(anonymous_0)
FNDA:5,(anonymous_1)
FNDA:5,(anonymous_2)
FNDA:5,(anonymous_3)
FNDA:1,(anonymous_4)
FNDA:3,(anonymous_5)
FNDA:5,(anonymous_6)
DA:1,6
DA:3,6
DA:4,13
DA:5,13
DA:6,13
DA:8,12
DA:9,12
DA:11,0
DA:12,0
DA:16,6
DA:17,5
DA:18,5
DA:19,5
DA:20,3
DA:22,1
DA:23,1
DA:24,1
DA:26,0
DA:27,0
DA:31,6
DA:32,5
DA:33,5
DA:34,5
DA:35,3
DA:37,1
DA:38,1
DA:40,0
DA:41,0
DA:45,6
DA:46,5
DA:47,5
DA:48,5
DA:50,5
DA:52,2
DA:53,2
DA:55,1
DA:56,1
DA:57,1
DA:59,0
DA:60,0
DA:64,6
DA:65,1
DA:66,1
DA:67,0
DA:69,1
DA:70,1
DA:74,6
DA:75,3
DA:76,3
DA:77,3
DA:78,3
DA:79,3
DA:80,3
DA:81,2
DA:82,2
DA:83,2
DA:85,3
DA:86,3
DA:88,0
DA:89,0
DA:93,6
DA:94,5
DA:95,5
DA:96,4
DA:97,2
DA:99,1
DA:100,1
DA:101,1
DA:103,1
DA:104,1
LF:70
LH:59
BRDA:6,0,0,1
BRDA:6,0,1,12
BRDA:6,1,0,13
BRDA:6,1,1,12
BRDA:6,1,2,12
BRDA:6,1,3,12
BRDA:11,2,0,0
BRDA:11,2,1,0
BRDA:19,3,0,2
BRDA:19,3,1,3
BRDA:20,4,0,2
BRDA:20,4,1,1
BRDA:26,5,0,0
BRDA:26,5,1,0
BRDA:34,6,0,2
BRDA:34,6,1,3
BRDA:35,7,0,2
BRDA:35,7,1,1
BRDA:40,8,0,0
BRDA:40,8,1,0
BRDA:50,9,0,3
BRDA:50,9,1,2
BRDA:50,10,0,5
BRDA:50,10,1,4
BRDA:53,11,0,1
BRDA:53,11,1,1
BRDA:59,12,0,0
BRDA:59,12,1,0
BRDA:69,13,0,0
BRDA:69,13,1,1
BRDA:78,14,0,1
BRDA:78,14,1,2
BRDA:79,15,0,0
BRDA:79,15,1,3
BRDA:80,16,0,2
BRDA:80,16,1,1
BRDA:80,17,0,3
BRDA:80,17,1,2
BRDA:82,18,0,1
BRDA:82,18,1,1
BRDA:83,19,0,1
BRDA:83,19,1,1
BRDA:88,20,0,0
BRDA:88,20,1,0
BRDA:96,21,0,2
BRDA:96,21,1,2
BRDA:97,22,0,1
BRDA:97,22,1,1
BRDA:103,23,0,0
BRDA:103,23,1,1
BRF:50
BRH:37
end_of_record
TN:
SF:middleware\authMiddleware.js
FN:4,(anonymous_0)
FN:23,(anonymous_1)
FNF:2
FNH:2
FNDA:42,(anonymous_0)
FNDA:15,(anonymous_1)
DA:1,6
DA:2,6
DA:4,6
DA:6,42
DA:7,41
DA:10,42
DA:12,41
DA:13,41
DA:14,40
DA:15,40
DA:16,39
DA:18,1
DA:19,1
DA:23,6
DA:24,15
DA:25,2
LF:16
LH:16
BRDA:6,0,0,41
BRDA:6,0,1,1
BRDA:6,1,0,42
BRDA:6,1,1,41
BRDA:10,2,0,1
BRDA:10,2,1,41
BRDA:15,3,0,1
BRDA:15,3,1,39
BRDA:18,4,0,0
BRDA:18,4,1,1
BRDA:24,5,0,13
BRDA:24,5,1,2
BRDA:24,6,0,15
BRDA:24,6,1,15
BRF:14
BRH:13
end_of_record
TN:
SF:models\Sweet.js
FNF:0
FNH:0
DA:1,6
DA:3,6
DA:11,6
LF:3
LH:3
BRF:0
BRH:0
end_of_record
TN:
SF:models\User.js
FN:12,(anonymous_0)
FN:18,(anonymous_1)
FNF:2
FNH:2
FNDA:55,(anonymous_0)
FNDA:2,(anonymous_1)
DA:1,7
DA:2,7
DA:4,7
DA:12,7
DA:13,55
DA:14,54
DA:18,7
DA:19,2
DA:22,7
LF:9
LH:9
BRDA:13,0,0,1
BRDA:13,0,1,54
BRF:2
BRH:2
end_of_record
TN:
SF:routes\authRoutes.js
FNF:0
FNH:0
DA:1,6
DA:2,6
DA:3,6
DA:5,6
DA:6,6
DA:8,6
LF:6
LH:6
BRF:0
BRH:0
end_of_record
TN:
SF:routes\sweetRoutes.js
FNF:0
FNH:0
DA:1,6
DA:2,6
DA:6,6
DA:7,6
DA:9,6
DA:10,6
DA:11,6
DA:12,6
DA:13,6
DA:15,6
LF:10
LH:10
BRF:0
BRH:0
end_of_record
